2025-04-08 01:10:25.193044 - Received CBT.V508.FILE069.PDS from FILE069.XMI 
2025-04-08 01:10:25.207738 - Found $$$#DATE.txt (text/plain) in CBT.V508.FILE069.PDS, moved to PDS/$$$#DATE
2025-04-08 01:10:25.209229 - Found @FILE069.txt (text/plain) in CBT.V508.FILE069.PDS, moved to PDS/@FILE069
2025-04-08 01:10:25.210929 - Found ADD.txt (text/plain) in CBT.V508.FILE069.PDS, moved to PDS/ADD
2025-04-08 01:10:25.212317 - Found BLDTBL.txt (text/plain) in CBT.V508.FILE069.PDS, moved to PDS/BLDTBL
2025-04-08 01:10:25.213714 - Found CEAA0301.txt (text/plain) in CBT.V508.FILE069.PDS, moved to PDS/CEAA0301
2025-04-08 01:10:25.215272 - Found CEAA0302.txt (text/plain) in CBT.V508.FILE069.PDS, moved to PDS/CEAA0302
2025-04-08 01:10:25.216913 - Found CEBB0301.txt (text/plain) in CBT.V508.FILE069.PDS, moved to PDS/CEBB0301
2025-04-08 01:10:25.218509 - Found CEBB0302.txt (text/plain) in CBT.V508.FILE069.PDS, moved to PDS/CEBB0302
2025-04-08 01:10:25.219959 - Found CEBB0303.txt (text/plain) in CBT.V508.FILE069.PDS, moved to PDS/CEBB0303
2025-04-08 01:10:25.221494 - Found CEBB0304.txt (text/plain) in CBT.V508.FILE069.PDS, moved to PDS/CEBB0304
2025-04-08 01:10:25.222958 - Found CEBB0305.txt (text/plain) in CBT.V508.FILE069.PDS, moved to PDS/CEBB0305
2025-04-08 01:10:25.224417 - Found CEBB0401.txt (text/plain) in CBT.V508.FILE069.PDS, moved to PDS/CEBB0401
2025-04-08 01:10:25.225878 - Found CEBB0402.txt (text/plain) in CBT.V508.FILE069.PDS, moved to PDS/CEBB0402
2025-04-08 01:10:25.227469 - Found CEBB0601.txt (text/plain) in CBT.V508.FILE069.PDS, moved to PDS/CEBB0601
2025-04-08 01:10:25.228905 - Found CEBB0602.txt (text/plain) in CBT.V508.FILE069.PDS, moved to PDS/CEBB0602
2025-04-08 01:10:25.230598 - Found CEBB0603.txt (text/plain) in CBT.V508.FILE069.PDS, moved to PDS/CEBB0603
2025-04-08 01:10:25.232122 - Found CEBB0604.txt (text/plain) in CBT.V508.FILE069.PDS, moved to PDS/CEBB0604
2025-04-08 01:10:25.233677 - Found CEBB0605.txt (text/plain) in CBT.V508.FILE069.PDS, moved to PDS/CEBB0605
2025-04-08 01:10:25.235150 - Found CEBB0606.txt (text/plain) in CBT.V508.FILE069.PDS, moved to PDS/CEBB0606
2025-04-08 01:10:25.236688 - Found CEBB0607.txt (text/plain) in CBT.V508.FILE069.PDS, moved to PDS/CEBB0607
2025-04-08 01:10:25.238057 - Found CEBB0608.txt (text/plain) in CBT.V508.FILE069.PDS, moved to PDS/CEBB0608
2025-04-08 01:10:25.239542 - Found CEBB0609.txt (text/plain) in CBT.V508.FILE069.PDS, moved to PDS/CEBB0609
2025-04-08 01:10:25.240897 - Found CEBB0801.txt (text/plain) in CBT.V508.FILE069.PDS, moved to PDS/CEBB0801
2025-04-08 01:10:25.242334 - Found CEBB0802.txt (text/plain) in CBT.V508.FILE069.PDS, moved to PDS/CEBB0802
2025-04-08 01:10:25.243919 - Found CEBB0803.txt (text/plain) in CBT.V508.FILE069.PDS, moved to PDS/CEBB0803
2025-04-08 01:10:25.245537 - Found CE020301.txt (text/plain) in CBT.V508.FILE069.PDS, moved to PDS/CE020301
2025-04-08 01:10:25.247060 - Found CE020302.txt (text/plain) in CBT.V508.FILE069.PDS, moved to PDS/CE020302
2025-04-08 01:10:25.248803 - Found CE020303.txt (text/plain) in CBT.V508.FILE069.PDS, moved to PDS/CE020303
2025-04-08 01:10:25.250394 - Found CE020401.txt (text/plain) in CBT.V508.FILE069.PDS, moved to PDS/CE020401
2025-04-08 01:10:25.252096 - Found CE020501.txt (text/plain) in CBT.V508.FILE069.PDS, moved to PDS/CE020501
2025-04-08 01:10:25.253685 - Found CE020601.txt (text/plain) in CBT.V508.FILE069.PDS, moved to PDS/CE020601
2025-04-08 01:10:25.255404 - Found CE020602.txt (text/plain) in CBT.V508.FILE069.PDS, moved to PDS/CE020602
2025-04-08 01:10:25.256859 - Found CE030301.txt (text/plain) in CBT.V508.FILE069.PDS, moved to PDS/CE030301
2025-04-08 01:10:25.258353 - Found CE030302.txt (text/plain) in CBT.V508.FILE069.PDS, moved to PDS/CE030302
2025-04-08 01:10:25.259857 - Found CE030303.txt (text/plain) in CBT.V508.FILE069.PDS, moved to PDS/CE030303
2025-04-08 01:10:25.261530 - Found CE030304.txt (text/plain) in CBT.V508.FILE069.PDS, moved to PDS/CE030304
2025-04-08 01:10:25.263009 - Found CE030501.txt (text/plain) in CBT.V508.FILE069.PDS, moved to PDS/CE030501
2025-04-08 01:10:25.264498 - Found CE030502.txt (text/plain) in CBT.V508.FILE069.PDS, moved to PDS/CE030502
2025-04-08 01:10:25.266103 - Found CE030503.txt (text/plain) in CBT.V508.FILE069.PDS, moved to PDS/CE030503
2025-04-08 01:10:25.267580 - Found CE030601.txt (text/plain) in CBT.V508.FILE069.PDS, moved to PDS/CE030601
2025-04-08 01:10:25.269235 - Found CE030602.txt (text/plain) in CBT.V508.FILE069.PDS, moved to PDS/CE030602
2025-04-08 01:10:25.270670 - Found CE040301.txt (text/plain) in CBT.V508.FILE069.PDS, moved to PDS/CE040301
2025-04-08 01:10:25.271995 - Found CE040302.txt (text/plain) in CBT.V508.FILE069.PDS, moved to PDS/CE040302
2025-04-08 01:10:25.273739 - Found CE040501.txt (text/plain) in CBT.V508.FILE069.PDS, moved to PDS/CE040501
2025-04-08 01:10:25.275134 - Found CE040502.txt (text/plain) in CBT.V508.FILE069.PDS, moved to PDS/CE040502
2025-04-08 01:10:25.276661 - Found CE040503.txt (text/plain) in CBT.V508.FILE069.PDS, moved to PDS/CE040503
2025-04-08 01:10:25.277992 - Found CE040601.txt (text/plain) in CBT.V508.FILE069.PDS, moved to PDS/CE040601
2025-04-08 01:10:25.279673 - Found CE040602.txt (text/plain) in CBT.V508.FILE069.PDS, moved to PDS/CE040602
2025-04-08 01:10:25.281118 - Found CE040701.txt (text/plain) in CBT.V508.FILE069.PDS, moved to PDS/CE040701
2025-04-08 01:10:25.282446 - Found CE040801.txt (text/plain) in CBT.V508.FILE069.PDS, moved to PDS/CE040801
2025-04-08 01:10:25.283819 - Found CE040802.txt (text/plain) in CBT.V508.FILE069.PDS, moved to PDS/CE040802
2025-04-08 01:10:25.285240 - Found CE040803.txt (text/plain) in CBT.V508.FILE069.PDS, moved to PDS/CE040803
2025-04-08 01:10:25.286558 - Found CE040901.txt (text/plain) in CBT.V508.FILE069.PDS, moved to PDS/CE040901
2025-04-08 01:10:25.287958 - Found CE040902.txt (text/plain) in CBT.V508.FILE069.PDS, moved to PDS/CE040902
2025-04-08 01:10:25.289416 - Found CE040903.txt (text/plain) in CBT.V508.FILE069.PDS, moved to PDS/CE040903
2025-04-08 01:10:25.290791 - Found CE041001.txt (text/plain) in CBT.V508.FILE069.PDS, moved to PDS/CE041001
2025-04-08 01:10:25.292366 - Found CE041002.txt (text/plain) in CBT.V508.FILE069.PDS, moved to PDS/CE041002
2025-04-08 01:10:25.293855 - Found CE041101.txt (text/plain) in CBT.V508.FILE069.PDS, moved to PDS/CE041101
2025-04-08 01:10:25.295234 - Found CE041102.txt (text/plain) in CBT.V508.FILE069.PDS, moved to PDS/CE041102
2025-04-08 01:10:25.296810 - Found CE041201.txt (text/plain) in CBT.V508.FILE069.PDS, moved to PDS/CE041201
2025-04-08 01:10:25.298399 - Found CE041202.txt (text/plain) in CBT.V508.FILE069.PDS, moved to PDS/CE041202
2025-04-08 01:10:25.299761 - Found CE041203.txt (text/plain) in CBT.V508.FILE069.PDS, moved to PDS/CE041203
2025-04-08 01:10:25.301121 - Found CE041301.txt (text/plain) in CBT.V508.FILE069.PDS, moved to PDS/CE041301
2025-04-08 01:10:25.302683 - Found CE041302.txt (text/plain) in CBT.V508.FILE069.PDS, moved to PDS/CE041302
2025-04-08 01:10:25.304306 - Found CE041303.txt (text/plain) in CBT.V508.FILE069.PDS, moved to PDS/CE041303
2025-04-08 01:10:25.305971 - Found CE041304.txt (text/plain) in CBT.V508.FILE069.PDS, moved to PDS/CE041304
2025-04-08 01:10:25.307643 - Found CE041305.txt (text/plain) in CBT.V508.FILE069.PDS, moved to PDS/CE041305
2025-04-08 01:10:25.309087 - Found CE041306.txt (text/plain) in CBT.V508.FILE069.PDS, moved to PDS/CE041306
2025-04-08 01:10:25.310660 - Found CE041307.txt (text/plain) in CBT.V508.FILE069.PDS, moved to PDS/CE041307
2025-04-08 01:10:25.312046 - Found CE041308.txt (text/plain) in CBT.V508.FILE069.PDS, moved to PDS/CE041308
2025-04-08 01:10:25.313400 - Found CE041401.txt (text/plain) in CBT.V508.FILE069.PDS, moved to PDS/CE041401
2025-04-08 01:10:25.315077 - Found CE041402.txt (text/plain) in CBT.V508.FILE069.PDS, moved to PDS/CE041402
2025-04-08 01:10:25.316450 - Found CE041501.txt (text/plain) in CBT.V508.FILE069.PDS, moved to PDS/CE041501
2025-04-08 01:10:25.317927 - Found CE041502.txt (text/plain) in CBT.V508.FILE069.PDS, moved to PDS/CE041502
2025-04-08 01:10:25.319233 - Found CE041503.txt (text/plain) in CBT.V508.FILE069.PDS, moved to PDS/CE041503
2025-04-08 01:10:25.320801 - Found CE041601.txt (text/plain) in CBT.V508.FILE069.PDS, moved to PDS/CE041601
2025-04-08 01:10:25.322218 - Found CE041701.txt (text/plain) in CBT.V508.FILE069.PDS, moved to PDS/CE041701
2025-04-08 01:10:25.323688 - Found CE041702.txt (text/plain) in CBT.V508.FILE069.PDS, moved to PDS/CE041702
2025-04-08 01:10:25.325402 - Found CE041703.txt (text/plain) in CBT.V508.FILE069.PDS, moved to PDS/CE041703
2025-04-08 01:10:25.326875 - Found CE041801.txt (text/plain) in CBT.V508.FILE069.PDS, moved to PDS/CE041801
2025-04-08 01:10:25.328447 - Found CE041802.txt (text/plain) in CBT.V508.FILE069.PDS, moved to PDS/CE041802
2025-04-08 01:10:25.330060 - Found CE041803.txt (text/plain) in CBT.V508.FILE069.PDS, moved to PDS/CE041803
2025-04-08 01:10:25.331846 - Found CE050101.txt (text/plain) in CBT.V508.FILE069.PDS, moved to PDS/CE050101
2025-04-08 01:10:25.333664 - Found CE050201.txt (text/plain) in CBT.V508.FILE069.PDS, moved to PDS/CE050201
2025-04-08 01:10:25.335328 - Found CE050202.txt (text/plain) in CBT.V508.FILE069.PDS, moved to PDS/CE050202
2025-04-08 01:10:25.336885 - Found CE050203.txt (text/plain) in CBT.V508.FILE069.PDS, moved to PDS/CE050203
2025-04-08 01:10:25.338204 - Found CE050301.txt (text/plain) in CBT.V508.FILE069.PDS, moved to PDS/CE050301
2025-04-08 01:10:25.339559 - Found CE050302.txt (text/plain) in CBT.V508.FILE069.PDS, moved to PDS/CE050302
2025-04-08 01:10:25.340927 - Found CE050303.txt (text/plain) in CBT.V508.FILE069.PDS, moved to PDS/CE050303
2025-04-08 01:10:25.342251 - Found CE050304.txt (text/plain) in CBT.V508.FILE069.PDS, moved to PDS/CE050304
2025-04-08 01:10:25.343669 - Found CE050305.txt (text/plain) in CBT.V508.FILE069.PDS, moved to PDS/CE050305
2025-04-08 01:10:25.344954 - Found CE050401.txt (text/plain) in CBT.V508.FILE069.PDS, moved to PDS/CE050401
2025-04-08 01:10:25.346491 - Found CE050402.txt (text/plain) in CBT.V508.FILE069.PDS, moved to PDS/CE050402
2025-04-08 01:10:25.347970 - Found CE050403.txt (text/plain) in CBT.V508.FILE069.PDS, moved to PDS/CE050403
2025-04-08 01:10:25.349311 - Found CE050501.txt (text/plain) in CBT.V508.FILE069.PDS, moved to PDS/CE050501
2025-04-08 01:10:25.350991 - Found CE050502.txt (text/plain) in CBT.V508.FILE069.PDS, moved to PDS/CE050502
2025-04-08 01:10:25.352378 - Found CE050503.txt (text/plain) in CBT.V508.FILE069.PDS, moved to PDS/CE050503
2025-04-08 01:10:25.354005 - Found CE050504.txt (text/plain) in CBT.V508.FILE069.PDS, moved to PDS/CE050504
2025-04-08 01:10:25.355670 - Found CE050505.txt (text/plain) in CBT.V508.FILE069.PDS, moved to PDS/CE050505
2025-04-08 01:10:25.357058 - Found CE050506.txt (text/plain) in CBT.V508.FILE069.PDS, moved to PDS/CE050506
2025-04-08 01:10:25.358380 - Found CE050601.txt (text/plain) in CBT.V508.FILE069.PDS, moved to PDS/CE050601
2025-04-08 01:10:25.359839 - Found CE050602.txt (text/plain) in CBT.V508.FILE069.PDS, moved to PDS/CE050602
2025-04-08 01:10:25.361342 - Found CE050701.txt (text/plain) in CBT.V508.FILE069.PDS, moved to PDS/CE050701
2025-04-08 01:10:25.362868 - Found CE050801.txt (text/plain) in CBT.V508.FILE069.PDS, moved to PDS/CE050801
2025-04-08 01:10:25.364442 - Found CE050802.txt (text/plain) in CBT.V508.FILE069.PDS, moved to PDS/CE050802
2025-04-08 01:10:25.365822 - Found CE050803.txt (text/plain) in CBT.V508.FILE069.PDS, moved to PDS/CE050803
2025-04-08 01:10:25.367250 - Found CE050901.txt (text/plain) in CBT.V508.FILE069.PDS, moved to PDS/CE050901
2025-04-08 01:10:25.368810 - Found CE050902.txt (text/plain) in CBT.V508.FILE069.PDS, moved to PDS/CE050902
2025-04-08 01:10:25.370167 - Found CE051001.txt (text/plain) in CBT.V508.FILE069.PDS, moved to PDS/CE051001
2025-04-08 01:10:25.371697 - Found CE051002.txt (text/plain) in CBT.V508.FILE069.PDS, moved to PDS/CE051002
2025-04-08 01:10:25.373289 - Found CE051003.txt (text/plain) in CBT.V508.FILE069.PDS, moved to PDS/CE051003
2025-04-08 01:10:25.374799 - Found CE051004.txt (text/plain) in CBT.V508.FILE069.PDS, moved to PDS/CE051004
2025-04-08 01:10:25.376383 - Found CE051005.txt (text/plain) in CBT.V508.FILE069.PDS, moved to PDS/CE051005
2025-04-08 01:10:25.377735 - Found CE051101.txt (text/plain) in CBT.V508.FILE069.PDS, moved to PDS/CE051101
2025-04-08 01:10:25.379339 - Found CE051102.txt (text/plain) in CBT.V508.FILE069.PDS, moved to PDS/CE051102
2025-04-08 01:10:25.380922 - Found CE051103.txt (text/plain) in CBT.V508.FILE069.PDS, moved to PDS/CE051103
2025-04-08 01:10:25.382406 - Found CE051104.txt (text/plain) in CBT.V508.FILE069.PDS, moved to PDS/CE051104
2025-04-08 01:10:25.383971 - Found CE051201.txt (text/plain) in CBT.V508.FILE069.PDS, moved to PDS/CE051201
2025-04-08 01:10:25.385326 - Found CE051202.txt (text/plain) in CBT.V508.FILE069.PDS, moved to PDS/CE051202
2025-04-08 01:10:25.386736 - Found CE051301.txt (text/plain) in CBT.V508.FILE069.PDS, moved to PDS/CE051301
2025-04-08 01:10:25.388252 - Found CE051302.txt (text/plain) in CBT.V508.FILE069.PDS, moved to PDS/CE051302
2025-04-08 01:10:25.389837 - Found CE051303.txt (text/plain) in CBT.V508.FILE069.PDS, moved to PDS/CE051303
2025-04-08 01:10:25.391390 - Found CE051304.txt (text/plain) in CBT.V508.FILE069.PDS, moved to PDS/CE051304
2025-04-08 01:10:25.413845 - Found CE051305.txt (text/plain) in CBT.V508.FILE069.PDS, moved to PDS/CE051305
2025-04-08 01:10:25.415290 - Found CE051306.txt (text/plain) in CBT.V508.FILE069.PDS, moved to PDS/CE051306
2025-04-08 01:10:25.416817 - Found CE051401.txt (text/plain) in CBT.V508.FILE069.PDS, moved to PDS/CE051401
2025-04-08 01:10:25.418526 - Found CE051402.txt (text/plain) in CBT.V508.FILE069.PDS, moved to PDS/CE051402
2025-04-08 01:10:25.419989 - Found CE060101.txt (text/plain) in CBT.V508.FILE069.PDS, moved to PDS/CE060101
2025-04-08 01:10:25.421456 - Found CE060102.txt (text/plain) in CBT.V508.FILE069.PDS, moved to PDS/CE060102
2025-04-08 01:10:25.422975 - Found CE060103.txt (text/plain) in CBT.V508.FILE069.PDS, moved to PDS/CE060103
2025-04-08 01:10:25.424450 - Found CE060104.txt (text/plain) in CBT.V508.FILE069.PDS, moved to PDS/CE060104
2025-04-08 01:10:25.425906 - Found CE060201.txt (text/plain) in CBT.V508.FILE069.PDS, moved to PDS/CE060201
2025-04-08 01:10:25.427479 - Found CE060202.txt (text/plain) in CBT.V508.FILE069.PDS, moved to PDS/CE060202
2025-04-08 01:10:25.428880 - Found CE060203.txt (text/plain) in CBT.V508.FILE069.PDS, moved to PDS/CE060203
2025-04-08 01:10:25.430264 - Found CE070101.txt (text/plain) in CBT.V508.FILE069.PDS, moved to PDS/CE070101
2025-04-08 01:10:25.431628 - Found CE070102.txt (text/plain) in CBT.V508.FILE069.PDS, moved to PDS/CE070102
2025-04-08 01:10:25.433251 - Found CE070103.txt (text/plain) in CBT.V508.FILE069.PDS, moved to PDS/CE070103
2025-04-08 01:10:25.434796 - Found CE070104.txt (text/plain) in CBT.V508.FILE069.PDS, moved to PDS/CE070104
2025-04-08 01:10:25.436152 - Found CE070201.txt (text/plain) in CBT.V508.FILE069.PDS, moved to PDS/CE070201
2025-04-08 01:10:25.437645 - Found CE070202.txt (text/plain) in CBT.V508.FILE069.PDS, moved to PDS/CE070202
2025-04-08 01:10:25.439178 - Found CE070203.txt (text/plain) in CBT.V508.FILE069.PDS, moved to PDS/CE070203
2025-04-08 01:10:25.440708 - Found CE070204.txt (text/plain) in CBT.V508.FILE069.PDS, moved to PDS/CE070204
2025-04-08 01:10:25.442191 - Found CE070205.txt (text/plain) in CBT.V508.FILE069.PDS, moved to PDS/CE070205
2025-04-08 01:10:25.443764 - Found CE070206.txt (text/plain) in CBT.V508.FILE069.PDS, moved to PDS/CE070206
2025-04-08 01:10:25.445379 - Found CE070207.txt (text/plain) in CBT.V508.FILE069.PDS, moved to PDS/CE070207
2025-04-08 01:10:25.446843 - Found CE080301.txt (text/plain) in CBT.V508.FILE069.PDS, moved to PDS/CE080301
2025-04-08 01:10:25.448427 - Found CE080302.txt (text/plain) in CBT.V508.FILE069.PDS, moved to PDS/CE080302
2025-04-08 01:10:25.449805 - Found CE080303.txt (text/plain) in CBT.V508.FILE069.PDS, moved to PDS/CE080303
2025-04-08 01:10:25.451409 - Found CE080401.txt (text/plain) in CBT.V508.FILE069.PDS, moved to PDS/CE080401
2025-04-08 01:10:25.453047 - Found CE080402.txt (text/plain) in CBT.V508.FILE069.PDS, moved to PDS/CE080402
2025-04-08 01:10:25.454575 - Found CE080403.txt (text/plain) in CBT.V508.FILE069.PDS, moved to PDS/CE080403
2025-04-08 01:10:25.455999 - Found CE080501.txt (text/plain) in CBT.V508.FILE069.PDS, moved to PDS/CE080501
2025-04-08 01:10:25.457490 - Found CE080502.txt (text/plain) in CBT.V508.FILE069.PDS, moved to PDS/CE080502
2025-04-08 01:10:25.458847 - Found CE080601.txt (text/plain) in CBT.V508.FILE069.PDS, moved to PDS/CE080601
2025-04-08 01:10:25.460511 - Found CE080602.txt (text/plain) in CBT.V508.FILE069.PDS, moved to PDS/CE080602
2025-04-08 01:10:25.462076 - Found CE080603.txt (text/plain) in CBT.V508.FILE069.PDS, moved to PDS/CE080603
2025-04-08 01:10:25.463647 - Found CE080604.txt (text/plain) in CBT.V508.FILE069.PDS, moved to PDS/CE080604
2025-04-08 01:10:25.465109 - Found CE080701.txt (text/plain) in CBT.V508.FILE069.PDS, moved to PDS/CE080701
2025-04-08 01:10:25.466414 - Found CE080702.txt (text/plain) in CBT.V508.FILE069.PDS, moved to PDS/CE080702
2025-04-08 01:10:25.467803 - Found CE080703.txt (text/plain) in CBT.V508.FILE069.PDS, moved to PDS/CE080703
2025-04-08 01:10:25.469425 - Found CE080704.txt (text/plain) in CBT.V508.FILE069.PDS, moved to PDS/CE080704
2025-04-08 01:10:25.470794 - Found CE080705.txt (text/plain) in CBT.V508.FILE069.PDS, moved to PDS/CE080705
2025-04-08 01:10:25.472135 - Found CE090301.txt (text/plain) in CBT.V508.FILE069.PDS, moved to PDS/CE090301
2025-04-08 01:10:25.473584 - Found CE090302.txt (text/plain) in CBT.V508.FILE069.PDS, moved to PDS/CE090302
2025-04-08 01:10:25.475060 - Found CE090303.txt (text/plain) in CBT.V508.FILE069.PDS, moved to PDS/CE090303
2025-04-08 01:10:25.476561 - Found CE090304.txt (text/plain) in CBT.V508.FILE069.PDS, moved to PDS/CE090304
2025-04-08 01:10:25.478084 - Found CE100101.txt (text/plain) in CBT.V508.FILE069.PDS, moved to PDS/CE100101
2025-04-08 01:10:25.479582 - Found CE100201.txt (text/plain) in CBT.V508.FILE069.PDS, moved to PDS/CE100201
2025-04-08 01:10:25.480964 - Found CE100301.txt (text/plain) in CBT.V508.FILE069.PDS, moved to PDS/CE100301
2025-04-08 01:10:25.482282 - Found CE100302.txt (text/plain) in CBT.V508.FILE069.PDS, moved to PDS/CE100302
2025-04-08 01:10:25.483761 - Found CE100401.txt (text/plain) in CBT.V508.FILE069.PDS, moved to PDS/CE100401
2025-04-08 01:10:25.485378 - Found CE100402.txt (text/plain) in CBT.V508.FILE069.PDS, moved to PDS/CE100402
2025-04-08 01:10:25.486735 - Found CE100403.txt (text/plain) in CBT.V508.FILE069.PDS, moved to PDS/CE100403
2025-04-08 01:10:25.488082 - Found CE100501.txt (text/plain) in CBT.V508.FILE069.PDS, moved to PDS/CE100501
2025-04-08 01:10:25.489372 - Found CE100601.txt (text/plain) in CBT.V508.FILE069.PDS, moved to PDS/CE100601
2025-04-08 01:10:25.490801 - Found CE100602.txt (text/plain) in CBT.V508.FILE069.PDS, moved to PDS/CE100602
2025-04-08 01:10:25.492375 - Found CE100701.txt (text/plain) in CBT.V508.FILE069.PDS, moved to PDS/CE100701
2025-04-08 01:10:25.493687 - Found CE100801.txt (text/plain) in CBT.V508.FILE069.PDS, moved to PDS/CE100801
2025-04-08 01:10:25.495077 - Found CE100802.txt (text/plain) in CBT.V508.FILE069.PDS, moved to PDS/CE100802
2025-04-08 01:10:25.496735 - Found CE110301.txt (text/plain) in CBT.V508.FILE069.PDS, moved to PDS/CE110301
2025-04-08 01:10:25.498301 - Found CE110302.txt (text/plain) in CBT.V508.FILE069.PDS, moved to PDS/CE110302
2025-04-08 01:10:25.500098 - Found CE110303.txt (text/plain) in CBT.V508.FILE069.PDS, moved to PDS/CE110303
2025-04-08 01:10:25.501775 - Found CE110401.txt (text/plain) in CBT.V508.FILE069.PDS, moved to PDS/CE110401
2025-04-08 01:10:25.503468 - Found CE110402.txt (text/plain) in CBT.V508.FILE069.PDS, moved to PDS/CE110402
2025-04-08 01:10:25.504863 - Found CE120601.txt (text/plain) in CBT.V508.FILE069.PDS, moved to PDS/CE120601
2025-04-08 01:10:25.506530 - Found CE120602.txt (text/plain) in CBT.V508.FILE069.PDS, moved to PDS/CE120602
2025-04-08 01:10:25.507974 - Found CE120603.txt (text/plain) in CBT.V508.FILE069.PDS, moved to PDS/CE120603
2025-04-08 01:10:25.509621 - Found CE120604.txt (text/plain) in CBT.V508.FILE069.PDS, moved to PDS/CE120604
2025-04-08 01:10:25.511201 - Found CE120605.txt (text/plain) in CBT.V508.FILE069.PDS, moved to PDS/CE120605
2025-04-08 01:10:25.512633 - Found CE120701.txt (text/plain) in CBT.V508.FILE069.PDS, moved to PDS/CE120701
2025-04-08 01:10:25.514053 - Found CE120702.txt (text/plain) in CBT.V508.FILE069.PDS, moved to PDS/CE120702
2025-04-08 01:10:25.515675 - Found CE120801.txt (text/plain) in CBT.V508.FILE069.PDS, moved to PDS/CE120801
2025-04-08 01:10:25.517330 - Found CE130401.txt (text/plain) in CBT.V508.FILE069.PDS, moved to PDS/CE130401
2025-04-08 01:10:25.519115 - Found CE130402.txt (text/plain) in CBT.V508.FILE069.PDS, moved to PDS/CE130402
2025-04-08 01:10:25.520643 - Found CE140601.txt (text/plain) in CBT.V508.FILE069.PDS, moved to PDS/CE140601
2025-04-08 01:10:25.522125 - Found CE140602.txt (text/plain) in CBT.V508.FILE069.PDS, moved to PDS/CE140602
2025-04-08 01:10:25.524065 - Found CE140603.txt (text/plain) in CBT.V508.FILE069.PDS, moved to PDS/CE140603
2025-04-08 01:10:25.525420 - Found CE140604.txt (text/plain) in CBT.V508.FILE069.PDS, moved to PDS/CE140604
2025-04-08 01:10:25.526796 - Found CE140801.txt (text/plain) in CBT.V508.FILE069.PDS, moved to PDS/CE140801
2025-04-08 01:10:25.528544 - Found CE140901.txt (text/plain) in CBT.V508.FILE069.PDS, moved to PDS/CE140901
2025-04-08 01:10:25.530031 - Found CE141001.txt (text/plain) in CBT.V508.FILE069.PDS, moved to PDS/CE141001
2025-04-08 01:10:25.531639 - Found CE141002.txt (text/plain) in CBT.V508.FILE069.PDS, moved to PDS/CE141002
2025-04-08 01:10:25.533243 - Found CE150301.txt (text/plain) in CBT.V508.FILE069.PDS, moved to PDS/CE150301
2025-04-08 01:10:25.534904 - Found CE150302.txt (text/plain) in CBT.V508.FILE069.PDS, moved to PDS/CE150302
2025-04-08 01:10:25.536577 - Found CE150303.txt (text/plain) in CBT.V508.FILE069.PDS, moved to PDS/CE150303
2025-04-08 01:10:25.537928 - Found CE150401.txt (text/plain) in CBT.V508.FILE069.PDS, moved to PDS/CE150401
2025-04-08 01:10:25.539566 - Found CE150402.txt (text/plain) in CBT.V508.FILE069.PDS, moved to PDS/CE150402
2025-04-08 01:10:25.540897 - Found CE150403.txt (text/plain) in CBT.V508.FILE069.PDS, moved to PDS/CE150403
2025-04-08 01:10:25.542530 - Found CE150404.txt (text/plain) in CBT.V508.FILE069.PDS, moved to PDS/CE150404
2025-04-08 01:10:25.543959 - Found CE150405.txt (text/plain) in CBT.V508.FILE069.PDS, moved to PDS/CE150405
2025-04-08 01:10:25.545541 - Found CE150406.txt (text/plain) in CBT.V508.FILE069.PDS, moved to PDS/CE150406
2025-04-08 01:10:25.546842 - Found CE150407.txt (text/plain) in CBT.V508.FILE069.PDS, moved to PDS/CE150407
2025-04-08 01:10:25.548184 - Found CE150408.txt (text/plain) in CBT.V508.FILE069.PDS, moved to PDS/CE150408
2025-04-08 01:10:25.549775 - Found CE150409.txt (text/plain) in CBT.V508.FILE069.PDS, moved to PDS/CE150409
2025-04-08 01:10:25.551188 - Found CE150410.txt (text/plain) in CBT.V508.FILE069.PDS, moved to PDS/CE150410
2025-04-08 01:10:25.552805 - Found CE150411.txt (text/plain) in CBT.V508.FILE069.PDS, moved to PDS/CE150411
2025-04-08 01:10:25.554124 - Found CE150412.txt (text/plain) in CBT.V508.FILE069.PDS, moved to PDS/CE150412
2025-04-08 01:10:25.555589 - Found CE160301.txt (text/plain) in CBT.V508.FILE069.PDS, moved to PDS/CE160301
2025-04-08 01:10:25.556966 - Found CE160302.txt (text/plain) in CBT.V508.FILE069.PDS, moved to PDS/CE160302
2025-04-08 01:10:25.558312 - Found CE160401.txt (text/plain) in CBT.V508.FILE069.PDS, moved to PDS/CE160401
2025-04-08 01:10:25.559624 - Found CE160402.txt (text/plain) in CBT.V508.FILE069.PDS, moved to PDS/CE160402
2025-04-08 01:10:25.560979 - Found CE160403.txt (text/plain) in CBT.V508.FILE069.PDS, moved to PDS/CE160403
2025-04-08 01:10:25.562686 - Found CE160404.txt (text/plain) in CBT.V508.FILE069.PDS, moved to PDS/CE160404
2025-04-08 01:10:25.564053 - Found CE160405.txt (text/plain) in CBT.V508.FILE069.PDS, moved to PDS/CE160405
2025-04-08 01:10:25.565598 - Found CE160406.txt (text/plain) in CBT.V508.FILE069.PDS, moved to PDS/CE160406
2025-04-08 01:10:25.566991 - Found CE160407.txt (text/plain) in CBT.V508.FILE069.PDS, moved to PDS/CE160407
2025-04-08 01:10:25.568306 - Found CE160408.txt (text/plain) in CBT.V508.FILE069.PDS, moved to PDS/CE160408
2025-04-08 01:10:25.569686 - Found CE160409.txt (text/plain) in CBT.V508.FILE069.PDS, moved to PDS/CE160409
2025-04-08 01:10:25.571198 - Found CE160410.txt (text/plain) in CBT.V508.FILE069.PDS, moved to PDS/CE160410
2025-04-08 01:10:25.572699 - Found CE160411.txt (text/plain) in CBT.V508.FILE069.PDS, moved to PDS/CE160411
2025-04-08 01:10:25.574239 - Found CE160412.txt (text/plain) in CBT.V508.FILE069.PDS, moved to PDS/CE160412
2025-04-08 01:10:25.575670 - Found CE160413.txt (text/plain) in CBT.V508.FILE069.PDS, moved to PDS/CE160413
2025-04-08 01:10:25.577249 - Found CE160414.txt (text/plain) in CBT.V508.FILE069.PDS, moved to PDS/CE160414
2025-04-08 01:10:25.578729 - Found CE160415.txt (text/plain) in CBT.V508.FILE069.PDS, moved to PDS/CE160415
2025-04-08 01:10:25.580203 - Found CE160501.txt (text/plain) in CBT.V508.FILE069.PDS, moved to PDS/CE160501
2025-04-08 01:10:25.581644 - Found CE160502.txt (text/plain) in CBT.V508.FILE069.PDS, moved to PDS/CE160502
2025-04-08 01:10:25.582969 - Found CE160503.txt (text/plain) in CBT.V508.FILE069.PDS, moved to PDS/CE160503
2025-04-08 01:10:25.584472 - Found CE160504.txt (text/plain) in CBT.V508.FILE069.PDS, moved to PDS/CE160504
2025-04-08 01:10:25.585813 - Found CE160505.txt (text/plain) in CBT.V508.FILE069.PDS, moved to PDS/CE160505
2025-04-08 01:10:25.587303 - Found GETPARM.txt (text/plain) in CBT.V508.FILE069.PDS, moved to PDS/GETPARM
2025-04-08 01:10:25.588777 - Found HEXTBL.txt (text/plain) in CBT.V508.FILE069.PDS, moved to PDS/HEXTBL
2025-04-08 01:10:25.590333 - Found INITL.txt (text/plain) in CBT.V508.FILE069.PDS, moved to PDS/INITL
2025-04-08 01:10:25.591962 - Found MOVE.txt (text/plain) in CBT.V508.FILE069.PDS, moved to PDS/MOVE
2025-04-08 01:10:25.593666 - Found PUTTBL.txt (text/plain) in CBT.V508.FILE069.PDS, moved to PDS/PUTTBL
2025-04-08 01:10:25.595048 - Found PUTTBL2.txt (text/plain) in CBT.V508.FILE069.PDS, moved to PDS/PUTTBL2
2025-04-08 01:10:25.596667 - Found RCNTL.txt (text/plain) in CBT.V508.FILE069.PDS, moved to PDS/RCNTL
2025-04-08 01:10:25.598046 - Found READDIR.txt (text/plain) in CBT.V508.FILE069.PDS, moved to PDS/READDIR
2025-04-08 01:10:25.599530 - Found SNAPA.txt (text/plain) in CBT.V508.FILE069.PDS, moved to PDS/SNAPA
2025-04-08 01:10:25.600757 - Found TRTBL.txt (text/plain) in CBT.V508.FILE069.PDS, moved to PDS/TRTBL
2025-04-08 01:10:25.602096 - Found VALNUMB.txt (text/plain) in CBT.V508.FILE069.PDS, moved to PDS/VALNUMB
2025-04-08 01:10:25.603482 - Found WTOREGS.txt (text/plain) in CBT.V508.FILE069.PDS, moved to PDS/WTOREGS
2025-04-08 01:10:25.604826 - Found WTOREGS0.txt (text/plain) in CBT.V508.FILE069.PDS, moved to PDS/WTOREGS0
